<?xml version="1.0" encoding="UTF-8"?>
<testsuite xmlns:xsi="http://www.w3.org/2001/XMLSchema-instance" xsi:noNamespaceSchemaLocation="https://maven.apache.org/surefire/maven-surefire-plugin/xsd/surefire-test-report-3.0.xsd" version="3.0" name="com.test.TUdipsaiApi.TUdipsaiApiApplicationTests" time="4.481" tests="1" errors="0" skipped="0" failures="0">
  <properties>
[...]
</properties>
  <testcase name="contextLoads" classname="com.test.TUdipsaiApi.TUdipsaiApiApplicationTests" time="0.445">
    <system-out><![CDATA[14:59:38.378 [main] INFO org.springframework.test.context.support.AnnotationConfigContextLoaderUtils -- Could not detect default configuration classes for test class [com.test.TUdipsaiApi.TUdipsaiApiApplicationTests]: TUdipsaiApiApplicationTests does not declare any static, non-private, non-final, nested classes annotated with @Configuration.
14:59:38.498 [main] INFO org.springframework.boot.test.context.SpringBootTestContextBootstrapper -- Found @SpringBootConfiguration com.test.TUdipsaiApi.TUdipsaiApiApplication for test class com.test.TUdipsaiApi.TUdipsaiApiApplicationTests
14:59:38.639 [main] INFO org.springframework.boot.devtools.restart.RestartApplicationListener -- Restart disabled due to context in which it is running

  .   ____          _            __ _ _
 /\\ / ___'_ __ _ _(_)_ __  __ _ \ \ \ \
( ( )\___ | '_ | '_| | '_ \/ _` | \ \ \ \
 \\/  ___)| |_)| | | | | || (_| |  ) ) ) )
  '  |____| .__|_| |_|_| |_\__, | / / / /
 =========|_|==============|___/=/_/_/_/
 :: Spring Boot ::                (v3.2.5)

2024-05-29T14:59:38.859-05:00  INFO 7432 --- [           main] c.t.T.TUdipsaiApiApplicationTests        : Starting TUdipsaiApiApplicationTests using Java 21.0.2 with PID 7432 (started by User in C:\Users\User\Documents\NetBeansProjects\TUdipsaiApi)
2024-05-29T14:59:38.860-05:00  INFO 7432 --- [           main] c.t.T.TUdipsaiApiApplicationTests        : No active profile set, falling back to 1 default profile: "default"
2024-05-29T14:59:39.479-05:00  INFO 7432 --- [           main] .s.d.r.c.RepositoryConfigurationDelegate : Bootstrapping Spring Data JPA repositories in DEFAULT mode.
2024-05-29T14:59:39.540-05:00  INFO 7432 --- [           main] .s.d.r.c.RepositoryConfigurationDelegate : Finished Spring Data repository scanning in 52 ms. Found 2 JPA repository interfaces.
2024-05-29T14:59:39.980-05:00  INFO 7432 --- [           main] o.hibernate.jpa.internal.util.LogHelper  : HHH000204: Processing PersistenceUnitInfo [name: default]
2024-05-29T14:59:40.043-05:00  INFO 7432 --- [           main] org.hibernate.Version                    : HHH000412: Hibernate ORM core version 6.4.4.Final
2024-05-29T14:59:40.075-05:00  INFO 7432 --- [           main] o.h.c.internal.RegionFactoryInitiator    : HHH000026: Second-level cache disabled
2024-05-29T14:59:40.319-05:00  INFO 7432 --- [           main] o.s.o.j.p.SpringPersistenceUnitInfo      : No LoadTimeWeaver setup: ignoring JPA class transformer
2024-05-29T14:59:40.362-05:00  INFO 7432 --- [           main] com.zaxxer.hikari.HikariDataSource       : HikariPool-1 - Starting...
2024-05-29T14:59:40.517-05:00  INFO 7432 --- [           main] com.zaxxer.hikari.pool.HikariPool        : HikariPool-1 - Added connection com.mysql.cj.jdbc.ConnectionImpl@65e4cb84
2024-05-29T14:59:40.519-05:00  INFO 7432 --- [           main] com.zaxxer.hikari.HikariDataSource       : HikariPool-1 - Start completed.
2024-05-29T14:59:40.569-05:00  WARN 7432 --- [           main] org.hibernate.dialect.Dialect            : HHH000511: The 5.5.0 version for [org.hibernate.dialect.MySQLDialect] is no longer supported, hence certain features may not work properly. The minimum supported version is 8.0.0. Check the community dialects project for available legacy versions.
2024-05-29T14:59:41.345-05:00  INFO 7432 --- [           main] o.h.e.t.j.p.i.JtaPlatformInitiator       : HHH000489: No JTA platform available (set 'hibernate.transaction.jta.platform' to enable JTA platform integration)
2024-05-29T14:59:41.414-05:00  INFO 7432 --- [           main] j.LocalContainerEntityManagerFactoryBean : Initialized JPA EntityManagerFactory for persistence unit 'default'
2024-05-29T14:59:41.875-05:00  WARN 7432 --- [           main] JpaBaseConfiguration$JpaWebConfiguration : spring.jpa.open-in-view is enabled by default. Therefore, database queries may be performed during view rendering. Explicitly configure spring.jpa.open-in-view to disable this warning
2024-05-29T14:59:42.245-05:00  INFO 7432 --- [           main] c.t.T.TUdipsaiApiApplicationTests        : Started TUdipsaiApiApplicationTests in 3.616 seconds (process running for 4.609)
]]></system-out>
    <system-err><![CDATA[WARNING: A Java agent has been loaded dynamically (C:\Users\User\.m2\repository\net\bytebuddy\byte-buddy-agent\1.14.13\byte-buddy-agent-1.14.13.jar)
WARNING: If a serviceability tool is in use, please run with -XX:+EnableDynamicAgentLoading to hide this warning
WARNING: If a serviceability tool is not in use, please run with -Djdk.instrument.traceUsage for more information
WARNING: Dynamic loading of agents will be disallowed by default in a future release
]]></system-err>
  </testcase>
</testsuite>